Change Component Parameter Library Name in C1A Old=Celestial Altium Library - altium_library.DbLib New=ESP-12F_WLED_IOT_LIPO.IntLib
Change Component Parameter Library Name in C2A Old=Custom.IntLib New=ESP-12F_WLED_IOT_LIPO.IntLib
Change Component Parameter Library Name in C3A Old=Custom.IntLib New=ESP-12F_WLED_IOT_LIPO.IntLib
Change Component Parameter Library Name in D1A Old=Celestial Altium Library - altium_library.DbLib New=ESP-12F_WLED_IOT_LIPO.IntLib
Change Component Parameter Library Name in D2A Old=Celestial Altium Library - altium_library.DbLib New=ESP-12F_WLED_IOT_LIPO.IntLib
Change Component Parameter Library Name in D3A Old=Altium Content Vault New=ESP-12F_WLED_IOT_LIPO.IntLib
Change Component Parameter Library Name in D4A Old=Celestial Altium Library - altium_library.DbLib New=ESP-12F_WLED_IOT_LIPO.IntLib
Change Component Parameter Library Name in F1A Old=Footprint-Lib-PhilsLab.IntLib New=ESP-12F_WLED_IOT_LIPO.IntLib
Change Component Parameter Library Name in F2A Old=Footprint-Lib-PhilsLab.IntLib New=ESP-12F_WLED_IOT_LIPO.IntLib
Change Component Parameter Library Name in H1A Old=Custom_Holes.IntLib New=ESP-12F_WLED_IOT_LIPO.IntLib
Change Component Parameter Library Name in H2A Old=Custom_Holes.IntLib New=ESP-12F_WLED_IOT_LIPO.IntLib
Change Component Parameter Library Name in H3A Old=Custom_Holes.IntLib New=ESP-12F_WLED_IOT_LIPO.IntLib
Change Component Parameter Library Name in H4A Old=Custom_Holes.IntLib New=ESP-12F_WLED_IOT_LIPO.IntLib
Change Component Parameter Library Name in J1A Old=Celestial Altium Library - altium_library.DbLib New=ESP-12F_WLED_IOT_LIPO.IntLib
Change Component Parameter Library Name in JP1A Old=Custom.IntLib New=ESP-12F_WLED_IOT_LIPO.IntLib
Change Component Parameter Library Name in JP2A Old=Custom.IntLib New=ESP-12F_WLED_IOT_LIPO.IntLib
Change Component Parameter Library Name in JP3A Old=Custom.IntLib New=ESP-12F_WLED_IOT_LIPO.IntLib
Change Component Parameter Library Name in Q1A Old=Altium Content Vault New=ESP-12F_WLED_IOT_LIPO.IntLib
Change Component Parameter Library Name in R1A Old=Custom.IntLib New=ESP-12F_WLED_IOT_LIPO.IntLib
Change Component Parameter Library Name in R2A Old=Custom.IntLib New=ESP-12F_WLED_IOT_LIPO.IntLib
