Change Component Designator: Old Designator=C1 New Designator=C1A
Change Component Designator: Old Designator=C2 New Designator=C2A
Change Component Designator: Old Designator=C3 New Designator=C3A
Change Component Designator: Old Designator=C4 New Designator=C4A
Change Component Designator: Old Designator=C5 New Designator=C5A
Change Component Designator: Old Designator=C6 New Designator=C6A
Change Component Designator: Old Designator=D1 New Designator=D1A
Change Component Designator: Old Designator=D2 New Designator=D2A
Change Component Designator: Old Designator=D3 New Designator=D3A
Change Component Designator: Old Designator=D4 New Designator=D4A
Change Component Designator: Old Designator=D5 New Designator=D5A
Change Component Designator: Old Designator=F1 New Designator=F1A
Change Component Designator: Old Designator=F2 New Designator=F2A
Change Component Designator: Old Designator=J1 New Designator=J1A
Change Component Designator: Old Designator=J2 New Designator=J2A
Change Component Designator: Old Designator=JP1 New Designator=JP1A
Change Component Designator: Old Designator=M1 New Designator=M1A
Change Component Designator: Old Designator=Q1 New Designator=Q1A
Change Component Designator: Old Designator=Q2 New Designator=Q2A
Change Component Designator: Old Designator=R1 New Designator=R1A
Change Component Designator: Old Designator=R2 New Designator=R2A
Change Component Designator: Old Designator=R3 New Designator=R3A
Change Component Designator: Old Designator=R4 New Designator=R4A
Change Component Designator: Old Designator=R5 New Designator=R5A
Change Component Designator: Old Designator=R6 New Designator=R6A
Change Component Designator: Old Designator=U1 New Designator=U1A
Change Component Designator: Old Designator=U2 New Designator=U2A
Change Component Designator: Old Designator=U3 New Designator=U3A
