Removed Pin From Net: NetName=VBAT- Pin=C1D-1
Removed Pin From Net: NetName=VCC1 Pin=C1D-2
Removed Pin From Net: NetName=GND Pin=C1E-1
Removed Pin From Net: NetName=NetC1E_2 Pin=C1E-2
Removed Pin From Net: NetName=GND Pin=C2E-1
Removed Pin From Net: NetName=+3.3V Pin=C2E-2
Removed Pin From Net: NetName=GND Pin=C3E-1
Removed Pin From Net: NetName=VBAT+ Pin=C3E-2
Removed Pin From Net: NetName=VBAT- Pin=Q1D-2
Removed Pin From Net: NetName=VBAT- Pin=Q1D-3
Removed Pin From Net: NetName=OD Pin=Q1D-4
Removed Pin From Net: NetName=OC Pin=Q1D-5
Removed Pin From Net: NetName=GND Pin=Q1D-6
Removed Pin From Net: NetName=GND Pin=Q1D-7
Remove Pin from Net: Failed to remove Pin
Remove Pin from Net: Failed to remove Pin
Remove Pin from Net: Failed to remove Pin
Remove Pin from Net: Failed to remove Pin
Remove Pin from Net: Failed to remove Pin
Remove Pin from Net: Failed to remove Pin
Remove Pin from Net: Failed to remove Pin
Remove Pin from Net: Failed to remove Pin
Remove Pin from Net: Unknown Pin: Pin U1D-6
Removed Member From Class: ClassName=3_Protection Member=J1D
Removed Member From Class: ClassName=3_Protection Member=Q1D
Change Component Comment : Designator=C1D Old Comment=100nF New Comment=470pF
Added Component: Designator=C1C(C-0603)
Add component (AddParameter): Name = "Availability"; Value = "Warning"; VariantName = "[No Variations]"
Add component (AddParameter): Name = "Check_prices"; Value = "https://www.snapeda.com/parts/C0603C104J4RAC/KEMET/view-part/1763758/?ref=eda"; VariantName = "[No Variations]"
Add component (AddParameter): Name = "MF"; Value = "KEMET"; VariantName = "[No Variations]"
Add component (AddParameter): Name = "MP"; Value = "C0603C104J4RAC"; VariantName = "[No Variations]"
Add component (AddParameter): Name = "Package"; Value = "0603 KEMET"; VariantName = "[No Variations]"
Add component (AddParameter): Name = "Price"; Value = "None"; VariantName = "[No Variations]"
Add component (AddParameter): Name = "SnapEDA_Link"; Value = "https://www.snapeda.com/parts/C0603C104J4RAC/KEMET/view-part/1763758/?ref=snap"; VariantName = "[No Variations]"
Add component (AddParameter): Name = "Value"; Value = ""; VariantName = "[No Variations]"
Added Component: Designator=C2D(C-0603)
Add component (AddParameter): Name = "Availability"; Value = "Warning"; VariantName = "[No Variations]"
Add component (AddParameter): Name = "Check_prices"; Value = "https://www.snapeda.com/parts/C0603C104J4RAC/KEMET/view-part/1763758/?ref=eda"; VariantName = "[No Variations]"
Add component (AddParameter): Name = "MF"; Value = "KEMET"; VariantName = "[No Variations]"
Add component (AddParameter): Name = "MP"; Value = "C0603C104J4RAC"; VariantName = "[No Variations]"
Add component (AddParameter): Name = "Package"; Value = "0603 KEMET"; VariantName = "[No Variations]"
Add component (AddParameter): Name = "Price"; Value = "None"; VariantName = "[No Variations]"
Add component (AddParameter): Name = "SnapEDA_Link"; Value = "https://www.snapeda.com/parts/C0603C104J4RAC/KEMET/view-part/1763758/?ref=snap"; VariantName = "[No Variations]"
Add component (AddParameter): Name = "Value"; Value = ""; VariantName = "[No Variations]"
Added Component: Designator=C3D(C-0603)
Add component (AddParameter): Name = "Availability"; Value = "Warning"; VariantName = "[No Variations]"
Add component (AddParameter): Name = "Check_prices"; Value = "https://www.snapeda.com/parts/C0603C104J4RAC/KEMET/view-part/1763758/?ref=eda"; VariantName = "[No Variations]"
Add component (AddParameter): Name = "MF"; Value = "KEMET"; VariantName = "[No Variations]"
Add component (AddParameter): Name = "MP"; Value = "C0603C104J4RAC"; VariantName = "[No Variations]"
Add component (AddParameter): Name = "Package"; Value = "0603 KEMET"; VariantName = "[No Variations]"
Add component (AddParameter): Name = "Price"; Value = "None"; VariantName = "[No Variations]"
Add component (AddParameter): Name = "SnapEDA_Link"; Value = "https://www.snapeda.com/parts/C0603C104J4RAC/KEMET/view-part/1763758/?ref=snap"; VariantName = "[No Variations]"
Add component (AddParameter): Name = "Value"; Value = ""; VariantName = "[No Variations]"
Added Component: Designator=Q1C(FS8205A TSSOP-8)
Add component (AddParameter): Name = "Availability"; Value = "Unavailable"; VariantName = "[No Variations]"
Add component (AddParameter): Name = "MF"; Value = ""; VariantName = "[No Variations]"
Add component (AddParameter): Name = "MP"; Value = "FS8205A"; VariantName = "[No Variations]"
Add component (AddParameter): Name = "Package"; Value = "None"; VariantName = "[No Variations]"
Add component (AddParameter): Name = "Price"; Value = "None"; VariantName = "[No Variations]"
Add component (AddParameter): Name = "Value"; Value = "FS8205A"; VariantName = "[No Variations]"
Added Component: Designator=R1C(R-0603)
Add component (AddParameter): Name = "Availability"; Value = "Warning"; VariantName = "[No Variations]"
Add component (AddParameter): Name = "Check_prices"; Value = "https://www.snapeda.com/parts/2-1623703-0/TE%20Connectivity/view-part/2213192/?ref=eda"; VariantName = "[No Variations]"
Add component (AddParameter): Name = "MF"; Value = "TE Connectivity"; VariantName = "[No Variations]"
Add component (AddParameter): Name = "MP"; Value = "2-1623703-0"; VariantName = "[No Variations]"
Add component (AddParameter): Name = "Package"; Value = "0603"; VariantName = "[No Variations]"
Add component (AddParameter): Name = "Power_Rating"; Value = ".1 W"; VariantName = "[No Variations]"
Add component (AddParameter): Name = "Price"; Value = "None"; VariantName = "[No Variations]"
Add component (AddParameter): Name = "Resistance"; Value = "10K"; VariantName = "[No Variations]"
Add component (AddParameter): Name = "SnapEDA_Link"; Value = "https://www.snapeda.com/parts/2-1623703-0/TE%20Connectivity/view-part/2213192/?ref=snap"; VariantName = "[No Variations]"
Add component (AddParameter): Name = "Tolerance"; Value = "1%"; VariantName = "[No Variations]"
Add component (AddParameter): Name = "Value"; Value = "10K"; VariantName = "[No Variations]"
Added Component: Designator=R2C(R-0603)
Add component (AddParameter): Name = "Availability"; Value = "Warning"; VariantName = "[No Variations]"
Add component (AddParameter): Name = "Check_prices"; Value = "https://www.snapeda.com/parts/2-1623703-0/TE%20Connectivity/view-part/2213192/?ref=eda"; VariantName = "[No Variations]"
Add component (AddParameter): Name = "MF"; Value = "TE Connectivity"; VariantName = "[No Variations]"
Add component (AddParameter): Name = "MP"; Value = "2-1623703-0"; VariantName = "[No Variations]"
Add component (AddParameter): Name = "Package"; Value = "0603"; VariantName = "[No Variations]"
Add component (AddParameter): Name = "Power_Rating"; Value = ".1 W"; VariantName = "[No Variations]"
Add component (AddParameter): Name = "Price"; Value = "None"; VariantName = "[No Variations]"
Add component (AddParameter): Name = "Resistance"; Value = "10K"; VariantName = "[No Variations]"
Add component (AddParameter): Name = "SnapEDA_Link"; Value = "https://www.snapeda.com/parts/2-1623703-0/TE%20Connectivity/view-part/2213192/?ref=snap"; VariantName = "[No Variations]"
Add component (AddParameter): Name = "Tolerance"; Value = "1%"; VariantName = "[No Variations]"
Add component (AddParameter): Name = "Value"; Value = "10K"; VariantName = "[No Variations]"
Added Component: Designator=U1C(SOT23-6)
Add component (AddParameter): Name = "Availability"; Value = "Unavailable"; VariantName = "[No Variations]"
Add component (AddParameter): Name = "MF"; Value = "Fortune Semiconductor"; VariantName = "[No Variations]"
Add component (AddParameter): Name = "MP"; Value = "DW01A"; VariantName = "[No Variations]"
Add component (AddParameter): Name = "Package"; Value = "Package Analog Devices"; VariantName = "[No Variations]"
Add component (AddParameter): Name = "Price"; Value = "None"; VariantName = "[No Variations]"
Add component (AddParameter): Name = "SnapEDA_Link"; Value = "https://www.snapeda.com/parts/DW01A/Fortune%20Semiconductor/view-part/4388554/?ref=snap"; VariantName = "[No Variations]"
Add component (AddParameter): Name = "Value"; Value = ""; VariantName = "[No Variations]"
Added Pin To Net: NetName=VBAT- Pin=C1C-1
Added Pin To Net: NetName=VCC1 Pin=C1C-2
Added Pin To Net: NetName=GND Pin=C1D-1
Added Pin To Net: NetName=NetC1E_2 Pin=C1D-2
Added Pin To Net: NetName=GND Pin=C2D-1
Added Pin To Net: NetName=+3.3V Pin=C2D-2
Added Pin To Net: NetName=GND Pin=C3D-1
Added Pin To Net: NetName=VBAT+ Pin=C3D-2
Added Pin To Net: NetName=GND Pin=Q1C-2
Added Pin To Net: NetName=GND Pin=Q1C-3
Added Pin To Net: NetName=OC Pin=Q1C-4
Added Pin To Net: NetName=OD Pin=Q1C-5
Added Pin To Net: NetName=VBAT- Pin=Q1C-6
Added Pin To Net: NetName=VBAT- Pin=Q1C-7
Added Pin To Net: NetName=GND Pin=R1C-1
Added Pin To Net: NetName=CS Pin=R1C-2
Added Pin To Net: NetName=VCC1 Pin=R2C-1
Added Pin To Net: NetName=VBAT+ Pin=R2C-2
Added Pin To Net: NetName=OD Pin=U1C-1
Added Pin To Net: NetName=CS Pin=U1C-2
Added Pin To Net: NetName=OC Pin=U1C-3
Added Pin To Net: NetName=VCC1 Pin=U1C-5
Added Pin To Net: NetName=VBAT- Pin=U1C-6
Change Net Name : Old Net Name=NetC1E_2 New Net Name=NetC1D_2
Change Class Name : Old Net Name=3_Protection New Net Name=4_Buck_Boost
Added Class: Name=3_Protection
Added Class: Name=C1A_Nets
Added Class: Name=C1C_Nets
Added Class: Name=C1D_Nets
Added Class: Name=C2A_Nets
Added Class: Name=C2D_Nets
Added Class: Name=C3D_Nets
Added Class: Name=D1A_Nets
Added Class: Name=D1B_Nets
Added Class: Name=D2A_Nets
Added Class: Name=D2B_Nets
Added Class: Name=D3A_Nets
Added Class: Name=F1A_Nets
Added Class: Name=J1A_Nets
Added Class: Name=J1B_Nets
Added Class: Name=J1D_Nets
Added Class: Name=JP1A_Nets
Added Class: Name=M1A_Nets
Added Class: Name=Q1A_Nets
Added Class: Name=Q1C_Nets
Added Class: Name=R1A_Nets
Added Class: Name=R1B_Nets
Added Class: Name=R1C_Nets
Added Class: Name=R1D_Nets
Added Class: Name=R2B_Nets
Added Class: Name=R2C_Nets
Added Class: Name=R2D_Nets
Added Class: Name=R3B_Nets
Added Class: Name=U1B_Nets
Added Class: Name=U1C_Nets
Added Class: Name=U1D_Nets
Added Member To Class: ClassName=4_Buck_Boost Member=Component C2D 10uF
Added Member To Class: ClassName=4_Buck_Boost Member=Component C3D 1uF
