Removed Member From Class: ClassName=1_Power Member=R?
Change Component Designator: OldDesignator=C? NewDesignator=C1A
Change Component Designator: OldDesignator=C? NewDesignator=C2A
Change Component Designator: OldDesignator=D? NewDesignator=D1A
Change Component Designator: OldDesignator=D? NewDesignator=D2A
Change Component Designator: OldDesignator=D? NewDesignator=D3A
Change Component Designator: OldDesignator=F? NewDesignator=F1A
Change Component Designator: OldDesignator=J? NewDesignator=J1A
Change Component Designator: OldDesignator=JP? NewDesignator=JP1A
Change Component Designator: OldDesignator=M? NewDesignator=M1A
Change Component Designator: OldDesignator=Q? NewDesignator=Q1A
Change Component Designator: OldDesignator=R? NewDesignator=R1A
Change Component Designator: OldDesignator=R? NewDesignator=R1D
Change Component Designator: OldDesignator=R? NewDesignator=R2D
Change Component Designator: OldDesignator=U? NewDesignator=U1D
Change Net Name : Old Net Name=NetD?_1 New Net Name=NetD3A_1
Change Net Name : Old Net Name=NetD?_2 New Net Name=NetD2A_2
Added Pin To Net: NetName=NetD1A_2 Pin=D1A-2
Added Pin To Net: NetName=NetD1A_2 Pin=JP1A-1
Added Net: Name=NetD1A_2
Added Member To Class: ClassName=1_Power Member=Component C1A 22uF
Added Member To Class: ClassName=1_Power Member=Component D2A 1N5819HW-7-F
Added Member To Class: ClassName=1_Power Member=Component D3A BZX84C12-7-F
Added Member To Class: ClassName=1_Power Member=Component R1A 100k
Added Member To Class: ClassName=4_Buck_Boost Member=Component R2D 47k
