Removed Pin From Net: NetName=VBAT+ Pin=C3D-2
Removed Pin From Net: NetName=VCC Pin=C5D-2
Removed Pin From Net: NetName=+3.3VLDO-1 Pin=F1D-1
Removed Pin From Net: NetName=VIN Pin=JP1A-1
Removed Pin From Net: NetName=VDDTP4056 Pin=JP1B-1
Removed Pin From Net: NetName=VCC Pin=JP1B-2
Removed Pin From Net: NetName=VIN Pin=M1A-1
Removed Pin From Net: NetName=VIN Pin=M1A-1
Removed Pin From Net: NetName=LED-Out Pin=M1A-2
Removed Pin From Net: NetName=LED-Out Pin=M1A-2
Removed Pin From Net: NetName=+3.3VLDO-1 Pin=NT1D-1
Removed Pin From Net: NetName=+3.3VLDO-2 Pin=NT1D-2
Removed Pin From Net: NetName=VBAT+ Pin=U1D-1
Removed Pin From Net: NetName=VBAT+ Pin=U1D-3
Removed Pin From Net: NetName=VCC Pin=U2D-3
Removed Member From Class: ClassName=1_Power Member=M1A
Removed Member From Class: ClassName=4_LDO Member=NT1D
Removed Member From Class: ClassName=C2D_Nets Member=+3.3VLDO-1
Removed Member From Class: ClassName=F1D_Nets Member=+3.3VLDO-1
Removed Member From Class: ClassName=Power Member=+3.3VLDO-1
Removed Member From Class: ClassName=R1D_Nets Member=+3.3VLDO-1
Removed Member From Class: ClassName=U1D_Nets Member=+3.3VLDO-1
Removed Member From Class: ClassName=C4D_Nets Member=+3.3VLDO-2
Removed Member From Class: ClassName=Power Member=+3.3VLDO-2
Removed Member From Class: ClassName=R3D_Nets Member=+3.3VLDO-2
Removed Member From Class: ClassName=U2D_Nets Member=+3.3VLDO-2
Removed Member From Class: ClassName=C3D_Nets Member=VBAT+
Removed Member From Class: ClassName=U1D_Nets Member=VBAT+
Removed Member From Class: ClassName=C5D_Nets Member=VCC
Removed Member From Class: ClassName=U2D_Nets Member=VCC
Removed Member From Class: ClassName=JP1B_Nets Member=VDDTP4056
Removed Member From Class: ClassName=JP1A_Nets Member=VIN
Change Component Footprint: Designator=F1D Old Footprint=FUSE 1206_3216 0.6MM New Footprint=FUSE_1206
Change Component Footprint: Designator=JP1A Old Footprint=SolderJumper_Single New Footprint=SMT-JUMPER_3_1-NC_TRACE_SILK
Change Component Footprint: Designator=JP1B Old Footprint=SolderJumper_Single New Footprint=SMT-JUMPER_3_1-NC_TRACE_SILK
Change Component Comment : Designator=F1D Old Comment=3413.0216.22 New Comment=500mA
Change Component Comment : Designator=JP1A Old Comment=Solder Jumper New Comment=JUMPER-SMT_3_1-NC_TRACE_SILK
Change Component Comment : Designator=JP1B Old Comment=Solder Jumper New Comment=JUMPER-SMT_3_1-NC_TRACE_SILK
Change Component Kind : Designator=JP1B Old Kind=Standard New Kind=Jumper
Change Component Kind : Designator=JP1A Old Kind=Standard New Kind=Jumper
Change component parameters: Designator = "F1D" ("F1D"); Footprint = "FUSE 1206_3216 0.6MM"; UniqueID = "\JQMMFPFX" ("\JQMMFPFX")
Change component parameters (AddParameter): Name = "Manufacturer"; Value = ""; VariantName = "[No Variations]"
Change component parameters (AddParameter): Name = "Manufacturer Part Number"; Value = ""; VariantName = "[No Variations]"
Change component parameters: Designator = "JP1A" ("JP1A"); Footprint = "SolderJumper_Single"; UniqueID = "\BIWXNTDH" ("\BIWXNTDH")
Change component parameters (AddParameter): Name = "DeviceName"; Value = "_SILK"; VariantName = "[No Variations]"
Change component parameters (AddParameter): Name = "DeviceSetName"; Value = "JUMPER-SMT_3_1-NC_TRACE"; VariantName = "[No Variations]"
Change component parameters (AddParameter): Name = "GateName_1"; Value = "G$1"; VariantName = "[No Variations]"
Change component parameters (AddParameter): Name = "LibraryName"; Value = "SparkFun-Jumpers"; VariantName = "[No Variations]"
Change component parameters (AddParameter): Name = "Package"; Value = "SMT-JUMPER_3_1-NC_TRACE_SILK"; VariantName = "[No Variations]"
Change component parameters (AddParameter): Name = "SymbolName_1"; Value = "SMT-JUMPER_3_1-NC_TRACE"; VariantName = "[No Variations]"
Change component parameters: Designator = "JP1B" ("JP1B"); Footprint = "SolderJumper_Single"; UniqueID = "\FLQWRJIQ" ("\FLQWRJIQ")
Change component parameters (AddParameter): Name = "DeviceName"; Value = "_SILK"; VariantName = "[No Variations]"
Change component parameters (AddParameter): Name = "DeviceSetName"; Value = "JUMPER-SMT_3_1-NC_TRACE"; VariantName = "[No Variations]"
Change component parameters (AddParameter): Name = "GateName_1"; Value = "G$1"; VariantName = "[No Variations]"
Change component parameters (AddParameter): Name = "LibraryName"; Value = "SparkFun-Jumpers"; VariantName = "[No Variations]"
Change component parameters (AddParameter): Name = "Package"; Value = "SMT-JUMPER_3_1-NC_TRACE_SILK"; VariantName = "[No Variations]"
Change component parameters (AddParameter): Name = "SymbolName_1"; Value = "SMT-JUMPER_3_1-NC_TRACE"; VariantName = "[No Variations]"
Added Component: Designator=F1A(FUSE_1206)
Add component (AddParameter): Name = "Manufacturer"; Value = ""; VariantName = "[No Variations]"
Add component (AddParameter): Name = "Manufacturer Part Number"; Value = ""; VariantName = "[No Variations]"
Added Component: Designator=F1B(FUSE_1206)
Add component (AddParameter): Name = "Manufacturer"; Value = ""; VariantName = "[No Variations]"
Add component (AddParameter): Name = "Manufacturer Part Number"; Value = ""; VariantName = "[No Variations]"
Added Component: Designator=F2A(FUSE_1206)
Add component (AddParameter): Name = "Manufacturer"; Value = ""; VariantName = "[No Variations]"
Add component (AddParameter): Name = "Manufacturer Part Number"; Value = ""; VariantName = "[No Variations]"
Added Component: Designator=F2D(FUSE_1206)
Add component (AddParameter): Name = "Manufacturer"; Value = ""; VariantName = "[No Variations]"
Add component (AddParameter): Name = "Manufacturer Part Number"; Value = ""; VariantName = "[No Variations]"
Added Component: Designator=JP1D(SMT-JUMPER_3_1-NC_TRACE_SILK)
Add component (AddParameter): Name = "DeviceName"; Value = "_SILK"; VariantName = "[No Variations]"
Add component (AddParameter): Name = "DeviceSetName"; Value = "JUMPER-SMT_3_1-NC_TRACE"; VariantName = "[No Variations]"
Add component (AddParameter): Name = "GateName_1"; Value = "G$1"; VariantName = "[No Variations]"
Add component (AddParameter): Name = "LibraryName"; Value = "SparkFun-Jumpers"; VariantName = "[No Variations]"
Add component (AddParameter): Name = "Package"; Value = "SMT-JUMPER_3_1-NC_TRACE_SILK"; VariantName = "[No Variations]"
Add component (AddParameter): Name = "SymbolName_1"; Value = "SMT-JUMPER_3_1-NC_TRACE"; VariantName = "[No Variations]"
Added Component: Designator=JP2D(SMT-JUMPER_3_1-NC_TRACE_SILK)
Add component (AddParameter): Name = "DeviceName"; Value = "_SILK"; VariantName = "[No Variations]"
Add component (AddParameter): Name = "DeviceSetName"; Value = "JUMPER-SMT_3_1-NC_TRACE"; VariantName = "[No Variations]"
Add component (AddParameter): Name = "GateName_1"; Value = "G$1"; VariantName = "[No Variations]"
Add component (AddParameter): Name = "LibraryName"; Value = "SparkFun-Jumpers"; VariantName = "[No Variations]"
Add component (AddParameter): Name = "Package"; Value = "SMT-JUMPER_3_1-NC_TRACE_SILK"; VariantName = "[No Variations]"
Add component (AddParameter): Name = "SymbolName_1"; Value = "SMT-JUMPER_3_1-NC_TRACE"; VariantName = "[No Variations]"
Added Pin To Net: NetName=VIN Pin=F1A-1
Added Pin To Net: NetName=VDDTP4056 Pin=F1B-1
Added Pin To Net: NetName=VIN Pin=F2A-1
Added Pin To Net: NetName=LED-Out Pin=F2A-2
Added Pin To Net: NetName=+3.3VLDO-2 Pin=F2D-1
Added Pin To Net: NetName=+3.3VLDO-2 Pin=F2D-2
Change Net Name : Old Net Name=+3.3VLDO-1 New Net Name=LDO+3.3V
Change Net Name : Old Net Name=+3.3VLDO-2 New Net Name=LDO+5V+3.3V
Added Pin To Net: NetName=LDO-IN-1117 Pin=C5D-2
Added Pin To Net: NetName=LDO-IN-1117 Pin=JP1A-1
Added Pin To Net: NetName=LDO-IN-1117 Pin=U2D-3
Added Net: Name=LDO-IN-1117
Added Pin To Net: NetName=NetC3D_2 Pin=C3D-2
Added Pin To Net: NetName=NetC3D_2 Pin=JP1D-2
Added Pin To Net: NetName=NetC3D_2 Pin=U1D-1
Added Pin To Net: NetName=NetC3D_2 Pin=U1D-3
Added Net: Name=NetC3D_2
Added Pin To Net: NetName=NetF1A_2 Pin=F1A-2
Added Pin To Net: NetName=NetF1A_2 Pin=JP1A-3
Added Net: Name=NetF1A_2
Added Pin To Net: NetName=NetF1B_2 Pin=F1B-2
Added Pin To Net: NetName=NetF1B_2 Pin=JP1B-2
Added Net: Name=NetF1B_2
Added Pin To Net: NetName=NetF1D_1 Pin=F1D-1
Added Pin To Net: NetName=NetF1D_1 Pin=JP2D-2
Added Net: Name=NetF1D_1
Change Class Name : Old Net Name=M1A_Nets New Net Name=F2A_Nets
Added Class: Name=F1A_Nets
Added Class: Name=F1B_Nets
Added Class: Name=F2D_Nets
Added Class: Name=JP1D_Nets
Added Class: Name=JP2D_Nets
Added Member To Class: ClassName=1_Power Member=Component F1A 2A
Added Member To Class: ClassName=2_Charging Member=Component F1B 1A
Added Member To Class: ClassName=1_Power Member=Component F2A 10A
Added Member To Class: ClassName=4_LDO Member=Component F2D 1A
Added Member To Class: ClassName=4_LDO Member=Component JP1D JUMPER-SMT_3_1-NC_TRACE_SILK
Added Member To Class: ClassName=4_LDO Member=Component JP2D JUMPER-SMT_3_1-NC_TRACE_SILK
Added Member To Class: ClassName=C2D_Nets Member=Wire LDO+3.3V
Added Member To Class: ClassName=Power Member=Wire LDO+3.3V
Added Member To Class: ClassName=R1D_Nets Member=Wire LDO+3.3V
Added Member To Class: ClassName=U1D_Nets Member=Wire LDO+3.3V
Added Member To Class: ClassName=C4D_Nets Member=Wire LDO+5V+3.3V
Added Member To Class: ClassName=JP1B_Nets Member=Wire LDO+5V+3.3V
Added Member To Class: ClassName=Power Member=Wire LDO+5V+3.3V
Added Member To Class: ClassName=R3D_Nets Member=Wire LDO+5V+3.3V
Added Member To Class: ClassName=U2D_Nets Member=Wire LDO+5V+3.3V
Added Member To Class: ClassName=C5D_Nets Member=Wire LDO-IN-1117
Added Member To Class: ClassName=JP1A_Nets Member=Wire LDO-IN-1117
Added Member To Class: ClassName=U2D_Nets Member=Wire LDO-IN-1117
Added Member To Class: ClassName=C3D_Nets Member=Wire NetC3D_2
Added Member To Class: ClassName=U1D_Nets Member=Wire NetC3D_2
Added Member To Class: ClassName=JP1A_Nets Member=Wire NetF1A_2
Added Member To Class: ClassName=JP1B_Nets Member=Wire NetF1B_2
Added Member To Class: ClassName=F1D_Nets Member=Wire NetF1D_1
