Change Component Designator: Old Designator=C1E New Designator=C?
Change Component Designator: Old Designator=C2E New Designator=C?
Change Component Designator: Old Designator=C3E New Designator=C?
Change Component Designator: Old Designator=C4E New Designator=C?
Change Component Designator: Old Designator=C5E New Designator=C?
Change Component Designator: Old Designator=C6E New Designator=C?
Change Component Designator: Old Designator=C7E New Designator=C?
Change Component Designator: Old Designator=D1E New Designator=D?
Change Component Designator: Old Designator=FB1E New Designator=FB?
Change Component Designator: Old Designator=J1E New Designator=J?
Change Component Designator: Old Designator=Q1E New Designator=Q?
Change Component Designator: Old Designator=Q2E New Designator=Q?
Change Component Designator: Old Designator=R1E New Designator=R?
Change Component Designator: Old Designator=R2E New Designator=R?
Change Component Designator: Old Designator=R3E New Designator=R?
Change Component Designator: Old Designator=R4E New Designator=R?
Change Component Designator: Old Designator=R5E New Designator=R?
Change Component Designator: Old Designator=R6E New Designator=R?
Change Component Designator: Old Designator=U1E New Designator=U?
Change Component Designator: Old Designator=Y1E New Designator=Y?
