Change Component Designator: Old Designator=C? New Designator=C1E
Change Component Designator: Old Designator=C? New Designator=C2E
Change Component Designator: Old Designator=C? New Designator=C3E
Change Component Designator: Old Designator=C? New Designator=C4E
Change Component Designator: Old Designator=C? New Designator=C5E
Change Component Designator: Old Designator=C? New Designator=C6E
Change Component Designator: Old Designator=C? New Designator=C7E
Change Component Designator: Old Designator=D? New Designator=D1E
Change Component Designator: Old Designator=F? New Designator=F1E
Change Component Designator: Old Designator=FB? New Designator=FB1E
Change Component Designator: Old Designator=J? New Designator=J1E
Change Component Designator: Old Designator=Q? New Designator=Q1E
Change Component Designator: Old Designator=Q? New Designator=Q2E
Change Component Designator: Old Designator=R? New Designator=R1E
Change Component Designator: Old Designator=R? New Designator=R2E
Change Component Designator: Old Designator=R? New Designator=R3E
Change Component Designator: Old Designator=R? New Designator=R4E
Change Component Designator: Old Designator=R? New Designator=R5E
Change Component Designator: Old Designator=R? New Designator=R6E
Change Component Designator: Old Designator=U? New Designator=U1E
Change Component Designator: Old Designator=Y? New Designator=Y1E
