Change Component Designator: Old Designator=C? New Designator=C1G
Change Component Designator: Old Designator=C? New Designator=C2G
Change Component Designator: Old Designator=C? New Designator=C3G
Change Component Designator: Old Designator=C? New Designator=C4G
Change Component Designator: Old Designator=C? New Designator=C5G
Change Component Designator: Old Designator=C? New Designator=C6G
Change Component Designator: Old Designator=C? New Designator=C7G
Change Component Designator: Old Designator=D? New Designator=D1G
Change Component Designator: Old Designator=FB? New Designator=FB1G
Change Component Designator: Old Designator=J? New Designator=J1G
Change Component Designator: Old Designator=Q? New Designator=Q1G
Change Component Designator: Old Designator=Q? New Designator=Q2G
Change Component Designator: Old Designator=R? New Designator=R1G
Change Component Designator: Old Designator=R? New Designator=R2G
Change Component Designator: Old Designator=R? New Designator=R3G
Change Component Designator: Old Designator=R? New Designator=R4G
Change Component Designator: Old Designator=R? New Designator=R5G
Change Component Designator: Old Designator=R? New Designator=R6G
Change Component Designator: Old Designator=U? New Designator=U1G
Change Component Designator: Old Designator=Y? New Designator=Y1G
