Added Component: Designator=C1(1411-3528)
Add component (AddParameter): Name = "Availability"; Value = "Unavailable"; VariantName = "[No Variations]"
Add component (AddParameter): Name = "MF"; Value = "KEMET"; VariantName = "[No Variations]"
Add component (AddParameter): Name = "MP"; Value = "T495B106K025ATE750"; VariantName = "[No Variations]"
Add component (AddParameter): Name = "Package"; Value = "1411 KEMET"; VariantName = "[No Variations]"
Add component (AddParameter): Name = "Price"; Value = "None"; VariantName = "[No Variations]"
Add component (AddParameter): Name = "SnapEDA_Link"; Value = "https://www.snapeda.com/parts/T495B106K025ATE750/KEMET/view-part/1680496/?ref=snap"; VariantName = "[No Variations]"
Add component (AddParameter): Name = "Value"; Value = ""; VariantName = "[No Variations]"
Added Component: Designator=C2(C-0603)
Add component (AddParameter): Name = "Availability"; Value = "Warning"; VariantName = "[No Variations]"
Add component (AddParameter): Name = "Check_prices"; Value = "https://www.snapeda.com/parts/C0603C104J4RAC/KEMET/view-part/1763758/?ref=eda"; VariantName = "[No Variations]"
Add component (AddParameter): Name = "MF"; Value = "KEMET"; VariantName = "[No Variations]"
Add component (AddParameter): Name = "MP"; Value = "C0603C104J4RAC"; VariantName = "[No Variations]"
Add component (AddParameter): Name = "Package"; Value = "0603 KEMET"; VariantName = "[No Variations]"
Add component (AddParameter): Name = "Price"; Value = "None"; VariantName = "[No Variations]"
Add component (AddParameter): Name = "SnapEDA_Link"; Value = "https://www.snapeda.com/parts/C0603C104J4RAC/KEMET/view-part/1763758/?ref=snap"; VariantName = "[No Variations]"
Add component (AddParameter): Name = "Value"; Value = ""; VariantName = "[No Variations]"
Added Component: Designator=D1(LED_0603_BLUE)
Added Component: Designator=R3(R-0603)
Add component (AddParameter): Name = "Availability"; Value = "Warning"; VariantName = "[No Variations]"
Add component (AddParameter): Name = "Check_prices"; Value = "https://www.snapeda.com/parts/2-1623703-0/TE%20Connectivity/view-part/2213192/?ref=eda"; VariantName = "[No Variations]"
Add component (AddParameter): Name = "MF"; Value = "TE Connectivity"; VariantName = "[No Variations]"
Add component (AddParameter): Name = "MP"; Value = "2-1623703-0"; VariantName = "[No Variations]"
Add component (AddParameter): Name = "Package"; Value = "0603"; VariantName = "[No Variations]"
Add component (AddParameter): Name = "Power_Rating"; Value = ".1 W"; VariantName = "[No Variations]"
Add component (AddParameter): Name = "Price"; Value = "None"; VariantName = "[No Variations]"
Add component (AddParameter): Name = "Resistance"; Value = "10K"; VariantName = "[No Variations]"
Add component (AddParameter): Name = "SnapEDA_Link"; Value = "https://www.snapeda.com/parts/2-1623703-0/TE%20Connectivity/view-part/2213192/?ref=snap"; VariantName = "[No Variations]"
Add component (AddParameter): Name = "Tolerance"; Value = "1%"; VariantName = "[No Variations]"
Add component (AddParameter): Name = "Value"; Value = "10K"; VariantName = "[No Variations]"
Added Component: Designator=R4(R-0603)
Add component (AddParameter): Name = "Availability"; Value = "Warning"; VariantName = "[No Variations]"
Add component (AddParameter): Name = "Check_prices"; Value = "https://www.snapeda.com/parts/2-1623703-0/TE%20Connectivity/view-part/2213192/?ref=eda"; VariantName = "[No Variations]"
Add component (AddParameter): Name = "MF"; Value = "TE Connectivity"; VariantName = "[No Variations]"
Add component (AddParameter): Name = "MP"; Value = "2-1623703-0"; VariantName = "[No Variations]"
Add component (AddParameter): Name = "Package"; Value = "0603"; VariantName = "[No Variations]"
Add component (AddParameter): Name = "Power_Rating"; Value = ".1 W"; VariantName = "[No Variations]"
Add component (AddParameter): Name = "Price"; Value = "None"; VariantName = "[No Variations]"
Add component (AddParameter): Name = "Resistance"; Value = "10K"; VariantName = "[No Variations]"
Add component (AddParameter): Name = "SnapEDA_Link"; Value = "https://www.snapeda.com/parts/2-1623703-0/TE%20Connectivity/view-part/2213192/?ref=snap"; VariantName = "[No Variations]"
Add component (AddParameter): Name = "Tolerance"; Value = "1%"; VariantName = "[No Variations]"
Add component (AddParameter): Name = "Value"; Value = "10K"; VariantName = "[No Variations]"
Added Component: Designator=R5(R-0603)
Add component (AddParameter): Name = "Availability"; Value = "Warning"; VariantName = "[No Variations]"
Add component (AddParameter): Name = "Check_prices"; Value = "https://www.snapeda.com/parts/2-1623703-0/TE%20Connectivity/view-part/2213192/?ref=eda"; VariantName = "[No Variations]"
Add component (AddParameter): Name = "MF"; Value = "TE Connectivity"; VariantName = "[No Variations]"
Add component (AddParameter): Name = "MP"; Value = "2-1623703-0"; VariantName = "[No Variations]"
Add component (AddParameter): Name = "Package"; Value = "0603"; VariantName = "[No Variations]"
Add component (AddParameter): Name = "Power_Rating"; Value = ".1 W"; VariantName = "[No Variations]"
Add component (AddParameter): Name = "Price"; Value = "None"; VariantName = "[No Variations]"
Add component (AddParameter): Name = "Resistance"; Value = "10K"; VariantName = "[No Variations]"
Add component (AddParameter): Name = "SnapEDA_Link"; Value = "https://www.snapeda.com/parts/2-1623703-0/TE%20Connectivity/view-part/2213192/?ref=snap"; VariantName = "[No Variations]"
Add component (AddParameter): Name = "Tolerance"; Value = "1%"; VariantName = "[No Variations]"
Add component (AddParameter): Name = "Value"; Value = "10K"; VariantName = "[No Variations]"
Added Component: Designator=R6(R-0603)
Add component (AddParameter): Name = "Availability"; Value = "Warning"; VariantName = "[No Variations]"
Add component (AddParameter): Name = "Check_prices"; Value = "https://www.snapeda.com/parts/2-1623703-0/TE%20Connectivity/view-part/2213192/?ref=eda"; VariantName = "[No Variations]"
Add component (AddParameter): Name = "MF"; Value = "TE Connectivity"; VariantName = "[No Variations]"
Add component (AddParameter): Name = "MP"; Value = "2-1623703-0"; VariantName = "[No Variations]"
Add component (AddParameter): Name = "Package"; Value = "0603"; VariantName = "[No Variations]"
Add component (AddParameter): Name = "Power_Rating"; Value = ".1 W"; VariantName = "[No Variations]"
Add component (AddParameter): Name = "Price"; Value = "None"; VariantName = "[No Variations]"
Add component (AddParameter): Name = "Resistance"; Value = "10K"; VariantName = "[No Variations]"
Add component (AddParameter): Name = "SnapEDA_Link"; Value = "https://www.snapeda.com/parts/2-1623703-0/TE%20Connectivity/view-part/2213192/?ref=snap"; VariantName = "[No Variations]"
Add component (AddParameter): Name = "Tolerance"; Value = "1%"; VariantName = "[No Variations]"
Add component (AddParameter): Name = "Value"; Value = "10K"; VariantName = "[No Variations]"
Added Component: Designator=R7(R-0603)
Add component (AddParameter): Name = "Availability"; Value = "Warning"; VariantName = "[No Variations]"
Add component (AddParameter): Name = "Check_prices"; Value = "https://www.snapeda.com/parts/2-1623703-0/TE%20Connectivity/view-part/2213192/?ref=eda"; VariantName = "[No Variations]"
Add component (AddParameter): Name = "MF"; Value = "TE Connectivity"; VariantName = "[No Variations]"
Add component (AddParameter): Name = "MP"; Value = "2-1623703-0"; VariantName = "[No Variations]"
Add component (AddParameter): Name = "Package"; Value = "0603"; VariantName = "[No Variations]"
Add component (AddParameter): Name = "Power_Rating"; Value = ".1 W"; VariantName = "[No Variations]"
Add component (AddParameter): Name = "Price"; Value = "None"; VariantName = "[No Variations]"
Add component (AddParameter): Name = "Resistance"; Value = "10K"; VariantName = "[No Variations]"
Add component (AddParameter): Name = "SnapEDA_Link"; Value = "https://www.snapeda.com/parts/2-1623703-0/TE%20Connectivity/view-part/2213192/?ref=snap"; VariantName = "[No Variations]"
Add component (AddParameter): Name = "Tolerance"; Value = "1%"; VariantName = "[No Variations]"
Add component (AddParameter): Name = "Value"; Value = "10K"; VariantName = "[No Variations]"
Added Component: Designator=R8(R-0603)
Add component (AddParameter): Name = "Availability"; Value = "Warning"; VariantName = "[No Variations]"
Add component (AddParameter): Name = "Check_prices"; Value = "https://www.snapeda.com/parts/2-1623703-0/TE%20Connectivity/view-part/2213192/?ref=eda"; VariantName = "[No Variations]"
Add component (AddParameter): Name = "MF"; Value = "TE Connectivity"; VariantName = "[No Variations]"
Add component (AddParameter): Name = "MP"; Value = "2-1623703-0"; VariantName = "[No Variations]"
Add component (AddParameter): Name = "Package"; Value = "0603"; VariantName = "[No Variations]"
Add component (AddParameter): Name = "Power_Rating"; Value = ".1 W"; VariantName = "[No Variations]"
Add component (AddParameter): Name = "Price"; Value = "None"; VariantName = "[No Variations]"
Add component (AddParameter): Name = "Resistance"; Value = "10K"; VariantName = "[No Variations]"
Add component (AddParameter): Name = "SnapEDA_Link"; Value = "https://www.snapeda.com/parts/2-1623703-0/TE%20Connectivity/view-part/2213192/?ref=snap"; VariantName = "[No Variations]"
Add component (AddParameter): Name = "Tolerance"; Value = "1%"; VariantName = "[No Variations]"
Add component (AddParameter): Name = "Value"; Value = "10K"; VariantName = "[No Variations]"
Added Component: Designator=R9(R-0603)
Add component (AddParameter): Name = "Availability"; Value = "Warning"; VariantName = "[No Variations]"
Add component (AddParameter): Name = "Check_prices"; Value = "https://www.snapeda.com/parts/2-1623703-0/TE%20Connectivity/view-part/2213192/?ref=eda"; VariantName = "[No Variations]"
Add component (AddParameter): Name = "MF"; Value = "TE Connectivity"; VariantName = "[No Variations]"
Add component (AddParameter): Name = "MP"; Value = "2-1623703-0"; VariantName = "[No Variations]"
Add component (AddParameter): Name = "Package"; Value = "0603"; VariantName = "[No Variations]"
Add component (AddParameter): Name = "Power_Rating"; Value = ".1 W"; VariantName = "[No Variations]"
Add component (AddParameter): Name = "Price"; Value = "None"; VariantName = "[No Variations]"
Add component (AddParameter): Name = "Resistance"; Value = "10K"; VariantName = "[No Variations]"
Add component (AddParameter): Name = "SnapEDA_Link"; Value = "https://www.snapeda.com/parts/2-1623703-0/TE%20Connectivity/view-part/2213192/?ref=snap"; VariantName = "[No Variations]"
Add component (AddParameter): Name = "Tolerance"; Value = "1%"; VariantName = "[No Variations]"
Add component (AddParameter): Name = "Value"; Value = "10K"; VariantName = "[No Variations]"
Added Component: Designator=R10(R-0603)
Add component (AddParameter): Name = "Availability"; Value = "Warning"; VariantName = "[No Variations]"
Add component (AddParameter): Name = "Check_prices"; Value = "https://www.snapeda.com/parts/2-1623703-0/TE%20Connectivity/view-part/2213192/?ref=eda"; VariantName = "[No Variations]"
Add component (AddParameter): Name = "MF"; Value = "TE Connectivity"; VariantName = "[No Variations]"
Add component (AddParameter): Name = "MP"; Value = "2-1623703-0"; VariantName = "[No Variations]"
Add component (AddParameter): Name = "Package"; Value = "0603"; VariantName = "[No Variations]"
Add component (AddParameter): Name = "Power_Rating"; Value = ".1 W"; VariantName = "[No Variations]"
Add component (AddParameter): Name = "Price"; Value = "None"; VariantName = "[No Variations]"
Add component (AddParameter): Name = "Resistance"; Value = "10K"; VariantName = "[No Variations]"
Add component (AddParameter): Name = "SnapEDA_Link"; Value = "https://www.snapeda.com/parts/2-1623703-0/TE%20Connectivity/view-part/2213192/?ref=snap"; VariantName = "[No Variations]"
Add component (AddParameter): Name = "Tolerance"; Value = "1%"; VariantName = "[No Variations]"
Add component (AddParameter): Name = "Value"; Value = "10K"; VariantName = "[No Variations]"
Added Component: Designator=R11(R-0603)
Add component (AddParameter): Name = "Availability"; Value = "Warning"; VariantName = "[No Variations]"
Add component (AddParameter): Name = "Check_prices"; Value = "https://www.snapeda.com/parts/2-1623703-0/TE%20Connectivity/view-part/2213192/?ref=eda"; VariantName = "[No Variations]"
Add component (AddParameter): Name = "MF"; Value = "TE Connectivity"; VariantName = "[No Variations]"
Add component (AddParameter): Name = "MP"; Value = "2-1623703-0"; VariantName = "[No Variations]"
Add component (AddParameter): Name = "Package"; Value = "0603"; VariantName = "[No Variations]"
Add component (AddParameter): Name = "Power_Rating"; Value = ".1 W"; VariantName = "[No Variations]"
Add component (AddParameter): Name = "Price"; Value = "None"; VariantName = "[No Variations]"
Add component (AddParameter): Name = "Resistance"; Value = "10K"; VariantName = "[No Variations]"
Add component (AddParameter): Name = "SnapEDA_Link"; Value = "https://www.snapeda.com/parts/2-1623703-0/TE%20Connectivity/view-part/2213192/?ref=snap"; VariantName = "[No Variations]"
Add component (AddParameter): Name = "Tolerance"; Value = "1%"; VariantName = "[No Variations]"
Add component (AddParameter): Name = "Value"; Value = "10K"; VariantName = "[No Variations]"
Added Component: Designator=R12(R-0603)
Add component (AddParameter): Name = "Availability"; Value = "Warning"; VariantName = "[No Variations]"
Add component (AddParameter): Name = "Check_prices"; Value = "https://www.snapeda.com/parts/2-1623703-0/TE%20Connectivity/view-part/2213192/?ref=eda"; VariantName = "[No Variations]"
Add component (AddParameter): Name = "MF"; Value = "TE Connectivity"; VariantName = "[No Variations]"
Add component (AddParameter): Name = "MP"; Value = "2-1623703-0"; VariantName = "[No Variations]"
Add component (AddParameter): Name = "Package"; Value = "0603"; VariantName = "[No Variations]"
Add component (AddParameter): Name = "Power_Rating"; Value = ".1 W"; VariantName = "[No Variations]"
Add component (AddParameter): Name = "Price"; Value = "None"; VariantName = "[No Variations]"
Add component (AddParameter): Name = "Resistance"; Value = "10K"; VariantName = "[No Variations]"
Add component (AddParameter): Name = "SnapEDA_Link"; Value = "https://www.snapeda.com/parts/2-1623703-0/TE%20Connectivity/view-part/2213192/?ref=snap"; VariantName = "[No Variations]"
Add component (AddParameter): Name = "Tolerance"; Value = "1%"; VariantName = "[No Variations]"
Add component (AddParameter): Name = "Value"; Value = "10K"; VariantName = "[No Variations]"
Added Component: Designator=R13(R-0603)
Add component (AddParameter): Name = "Availability"; Value = "Warning"; VariantName = "[No Variations]"
Add component (AddParameter): Name = "Check_prices"; Value = "https://www.snapeda.com/parts/2-1623703-0/TE%20Connectivity/view-part/2213192/?ref=eda"; VariantName = "[No Variations]"
Add component (AddParameter): Name = "MF"; Value = "TE Connectivity"; VariantName = "[No Variations]"
Add component (AddParameter): Name = "MP"; Value = "2-1623703-0"; VariantName = "[No Variations]"
Add component (AddParameter): Name = "Package"; Value = "0603"; VariantName = "[No Variations]"
Add component (AddParameter): Name = "Power_Rating"; Value = ".1 W"; VariantName = "[No Variations]"
Add component (AddParameter): Name = "Price"; Value = "None"; VariantName = "[No Variations]"
Add component (AddParameter): Name = "Resistance"; Value = "10K"; VariantName = "[No Variations]"
Add component (AddParameter): Name = "SnapEDA_Link"; Value = "https://www.snapeda.com/parts/2-1623703-0/TE%20Connectivity/view-part/2213192/?ref=snap"; VariantName = "[No Variations]"
Add component (AddParameter): Name = "Tolerance"; Value = "1%"; VariantName = "[No Variations]"
Add component (AddParameter): Name = "Value"; Value = "10K"; VariantName = "[No Variations]"
Added Component: Designator=S1(TE FSMSMTR)
Add component (AddParameter): Name = "Actuator Height off PCB, Vertical"; Value = "4.57mm"; VariantName = "[No Variations]"
Add component (AddParameter): Name = "Actuator Orientation"; Value = "Top Actuated"; VariantName = "[No Variations]"
Add component (AddParameter): Name = "Actuator Type"; Value = "Standard"; VariantName = "[No Variations]"
Add component (AddParameter): Name = "Circuit"; Value = "SPST-NO"; VariantName = "[No Variations]"
Add component (AddParameter): Name = "ComponentLink1Description"; Value = "Datasheet"; VariantName = "[No Variations]"
Add component (AddParameter): Name = "ComponentLink1URL"; Value = "https://www.te.com/commerce/DocumentDelivery/DDEController?Action=srchrtrv&DocNm=1437566-3&DocType=Customer+Drawing&DocLang=English"; VariantName = "[No Variations]"
Add component (AddParameter): Name = "ComponentLink2Description"; Value = "DigiKey Link"; VariantName = "[No Variations]"
Add component (AddParameter): Name = "ComponentLink2URL"; Value = "https://www.digikey.com/en/products/detail/te-connectivity-alcoswitch-switches/FSMSMTR/529671"; VariantName = "[No Variations]"
Add component (AddParameter): Name = "Contact Rating @ Voltage"; Value = "0.05A @ 24VDC"; VariantName = "[No Variations]"
Add component (AddParameter): Name = "Illumination"; Value = "Non-Illuminated"; VariantName = "[No Variations]"
Add component (AddParameter): Name = "LastUpdated"; Value = "19-09-2022 02:02:58 PM"; VariantName = "[No Variations]"
Add component (AddParameter): Name = "Lifecycle Status"; Value = "Active"; VariantName = "[No Variations]"
Add component (AddParameter): Name = "Manufacturer"; Value = "TE Connectivity ALCOSWITCH Switches"; VariantName = "[No Variations]"
Add component (AddParameter): Name = "Minimum Order"; Value = "1"; VariantName = "[No Variations]"
Add component (AddParameter): Name = "Mounting Type"; Value = "Surface Mount"; VariantName = "[No Variations]"
Add component (AddParameter): Name = "Operating Force"; Value = "180gf"; VariantName = "[No Variations]"
Add component (AddParameter): Name = "Operating Temperature"; Value = "-35°C ~ 85°C"; VariantName = "[No Variations]"
Add component (AddParameter): Name = "Outline"; Value = "6.00mm x 3.50mm"; VariantName = "[No Variations]"
Add component (AddParameter): Name = "Packaging"; Value = "TapeAndReel"; VariantName = "[No Variations]"
Add component (AddParameter): Name = "Part Number"; Value = "FSMSMTR"; VariantName = "[No Variations]"
Add component (AddParameter): Name = "Part Status"; Value = "Active"; VariantName = "[No Variations]"
Add component (AddParameter): Name = "Price"; Value = "0.20"; VariantName = "[No Variations]"
Add component (AddParameter): Name = "Series"; Value = "FSMSM"; VariantName = "[No Variations]"
Add component (AddParameter): Name = "Supplier 1"; Value = "DigiKey"; VariantName = "[No Variations]"
Add component (AddParameter): Name = "Supplier Part Number 1"; Value = "450-1758-1-ND"; VariantName = "[No Variations]"
Add component (AddParameter): Name = "Switch Function"; Value = "Off-Mom"; VariantName = "[No Variations]"
Add component (AddParameter): Name = "Termination Style"; Value = "Gull Wing"; VariantName = "[No Variations]"
Added Component: Designator=S2(TE FSMSMTR)
Add component (AddParameter): Name = "Actuator Height off PCB, Vertical"; Value = "4.57mm"; VariantName = "[No Variations]"
Add component (AddParameter): Name = "Actuator Orientation"; Value = "Top Actuated"; VariantName = "[No Variations]"
Add component (AddParameter): Name = "Actuator Type"; Value = "Standard"; VariantName = "[No Variations]"
Add component (AddParameter): Name = "Circuit"; Value = "SPST-NO"; VariantName = "[No Variations]"
Add component (AddParameter): Name = "ComponentLink1Description"; Value = "Datasheet"; VariantName = "[No Variations]"
Add component (AddParameter): Name = "ComponentLink1URL"; Value = "https://www.te.com/commerce/DocumentDelivery/DDEController?Action=srchrtrv&DocNm=1437566-3&DocType=Customer+Drawing&DocLang=English"; VariantName = "[No Variations]"
Add component (AddParameter): Name = "ComponentLink2Description"; Value = "DigiKey Link"; VariantName = "[No Variations]"
Add component (AddParameter): Name = "ComponentLink2URL"; Value = "https://www.digikey.com/en/products/detail/te-connectivity-alcoswitch-switches/FSMSMTR/529671"; VariantName = "[No Variations]"
Add component (AddParameter): Name = "Contact Rating @ Voltage"; Value = "0.05A @ 24VDC"; VariantName = "[No Variations]"
Add component (AddParameter): Name = "Illumination"; Value = "Non-Illuminated"; VariantName = "[No Variations]"
Add component (AddParameter): Name = "LastUpdated"; Value = "19-09-2022 02:02:58 PM"; VariantName = "[No Variations]"
Add component (AddParameter): Name = "Lifecycle Status"; Value = "Active"; VariantName = "[No Variations]"
Add component (AddParameter): Name = "Manufacturer"; Value = "TE Connectivity ALCOSWITCH Switches"; VariantName = "[No Variations]"
Add component (AddParameter): Name = "Minimum Order"; Value = "1"; VariantName = "[No Variations]"
Add component (AddParameter): Name = "Mounting Type"; Value = "Surface Mount"; VariantName = "[No Variations]"
Add component (AddParameter): Name = "Operating Force"; Value = "180gf"; VariantName = "[No Variations]"
Add component (AddParameter): Name = "Operating Temperature"; Value = "-35°C ~ 85°C"; VariantName = "[No Variations]"
Add component (AddParameter): Name = "Outline"; Value = "6.00mm x 3.50mm"; VariantName = "[No Variations]"
Add component (AddParameter): Name = "Packaging"; Value = "TapeAndReel"; VariantName = "[No Variations]"
Add component (AddParameter): Name = "Part Number"; Value = "FSMSMTR"; VariantName = "[No Variations]"
Add component (AddParameter): Name = "Part Status"; Value = "Active"; VariantName = "[No Variations]"
Add component (AddParameter): Name = "Price"; Value = "0.20"; VariantName = "[No Variations]"
Add component (AddParameter): Name = "Series"; Value = "FSMSM"; VariantName = "[No Variations]"
Add component (AddParameter): Name = "Supplier 1"; Value = "DigiKey"; VariantName = "[No Variations]"
Add component (AddParameter): Name = "Supplier Part Number 1"; Value = "450-1758-1-ND"; VariantName = "[No Variations]"
Add component (AddParameter): Name = "Switch Function"; Value = "Off-Mom"; VariantName = "[No Variations]"
Add component (AddParameter): Name = "Termination Style"; Value = "Gull Wing"; VariantName = "[No Variations]"
Added Pin To Net: NetName=+3.3V Pin=C1-1
Added Pin To Net: NetName=GND Pin=C1-2
Added Pin To Net: NetName=GND Pin=C2-1
Added Pin To Net: NetName=nRST Pin=C2-2
Added Pin To Net: NetName=nRST Pin=IC1-1
Added Pin To Net: NetName=GPIO0 Pin=IC1-3
Added Pin To Net: NetName=GPIO0 Pin=IC1-18
Added Pin To Net: NetName=TXD_RXD_P Pin=IC1-21
Added Pin To Net: NetName=TXD_RXD_N Pin=IC1-22
Add Pin To Net: Unknown Pin: Pin J2A-3
Added Pin To Net: NetName=nRST Pin=R3-2
Added Pin To Net: NetName=GPIO0 Pin=R4-2
Added Pin To Net: NetName=+3.3V Pin=R5-2
Added Pin To Net: NetName=VBAT+ Pin=R7-2
Added Pin To Net: NetName=GND Pin=R8-1
Added Pin To Net: NetName=GPIO0 Pin=R9-1
Added Pin To Net: NetName=+3.3V Pin=R9-2
Added Pin To Net: NetName=+3.3V Pin=R10-2
Added Pin To Net: NetName=+3.3V Pin=R11-2
Added Pin To Net: NetName=nRST Pin=R12-1
Added Pin To Net: NetName=+3.3V Pin=R12-2
Added Pin To Net: NetName=GND Pin=R13-2
Added Pin To Net: NetName=GND Pin=S1-2
Added Pin To Net: NetName=GND Pin=S2-2
Added Pin To Net: NetName=ADC Pin=IC1-2
Added Pin To Net: NetName=ADC Pin=R7-1
Added Pin To Net: NetName=ADC Pin=R8-2
Added Net: Name=ADC
Added Pin To Net: NetName=EN Pin=R11-1
Added Net: Name=EN
Added Pin To Net: NetName=GPIO2 Pin=IC1-17
Added Pin To Net: NetName=GPIO2 Pin=R10-1
Added Net: Name=GPIO2
Added Pin To Net: NetName=GPIO4 Pin=IC1-19
Added Net: Name=GPIO4
Added Pin To Net: NetName=GPIO5 Pin=IC1-20
Added Net: Name=GPIO5
Added Pin To Net: NetName=GPIO6 Pin=IC1-14
Added Net: Name=GPIO6
Added Pin To Net: NetName=GPIO7 Pin=IC1-10
Added Net: Name=GPIO7
Added Pin To Net: NetName=GPIO8 Pin=IC1-13
Added Net: Name=GPIO8
Added Pin To Net: NetName=GPIO9 Pin=IC1-11
Added Net: Name=GPIO9
Added Pin To Net: NetName=GPIO10 Pin=IC1-12
Added Net: Name=GPIO10
Added Pin To Net: NetName=GPIO11 Pin=IC1-9
Added Net: Name=GPIO11
Added Pin To Net: NetName=GPIO12 Pin=IC1-6
Added Net: Name=GPIO12
Added Pin To Net: NetName=GPIO13 Pin=IC1-7
Added Net: Name=GPIO13
Added Pin To Net: NetName=GPIO14 Pin=IC1-5
Added Net: Name=GPIO14
Added Pin To Net: NetName=GPIO15 Pin=IC1-16
Added Pin To Net: NetName=GPIO15 Pin=R13-1
Added Net: Name=GPIO15
Added Pin To Net: NetName=GPIO16 Pin=D1-K
Added Pin To Net: NetName=GPIO16 Pin=IC1-4
Added Pin To Net: NetName=GPIO16 Pin=R6-2
Added Net: Name=GPIO16
Added Pin To Net: NetName=NetD1_A Pin=D1-A
Added Pin To Net: NetName=NetD1_A Pin=R5-1
Added Net: Name=NetD1_A
Added Pin To Net: NetName=NetR3_1 Pin=R3-1
Added Pin To Net: NetName=NetR3_1 Pin=R6-1
Added Pin To Net: NetName=NetR3_1 Pin=S1-1
Added Net: Name=NetR3_1
Added Pin To Net: NetName=NetR4_1 Pin=R4-1
Added Pin To Net: NetName=NetR4_1 Pin=S2-1
Added Net: Name=NetR4_1
Added Member To Class: ClassName=6_ESP12_F Member=Component C1 100uF
Added Member To Class: ClassName=6_ESP12_F Member=Component C2 470pF
Added Member To Class: ClassName=6_ESP12_F Member=Component D1 BLUE
Added Member To Class: ClassName=6_ESP12_F Member=Component R3 0
Added Member To Class: ClassName=6_ESP12_F Member=Component R4 470R
Added Member To Class: ClassName=6_ESP12_F Member=Component R5 470
Added Member To Class: ClassName=6_ESP12_F Member=Component R6 470
Added Member To Class: ClassName=6_ESP12_F Member=Component R7 220K
Added Member To Class: ClassName=6_ESP12_F Member=Component R8 100K
Added Member To Class: ClassName=6_ESP12_F Member=Component R9 10K
Added Member To Class: ClassName=6_ESP12_F Member=Component R10 10K
Added Member To Class: ClassName=6_ESP12_F Member=Component R11 10K
Added Member To Class: ClassName=6_ESP12_F Member=Component R12 10K
Added Member To Class: ClassName=6_ESP12_F Member=Component R13 10K
Added Member To Class: ClassName=6_ESP12_F Member=Component S1 FSMSMTR
Added Member To Class: ClassName=6_ESP12_F Member=Component S2 FSMSMTR
