Change Component Physical Designator: Old Designator=C1E New Designator=C6E
Change Component Physical Designator: Old Designator=C2E New Designator=C7E
Change Component Physical Designator: Old Designator=C3E New Designator=C1E
Change Component Physical Designator: Old Designator=C4E New Designator=C2E
Change Component Physical Designator: Old Designator=C5E New Designator=C3E
Change Component Physical Designator: Old Designator=C6E New Designator=C4E
Change Component Physical Designator: Old Designator=C7E New Designator=C5E
Change Component Physical Designator: Old Designator=D1 New Designator=D?
Change Component Physical Designator: Old Designator=D2 New Designator=D1
Change Component Physical Designator: Old Designator=R1 New Designator=R3
Change Component Physical Designator: Old Designator=R1E New Designator=R5E
Change Component Physical Designator: Old Designator=R2 New Designator=R4
Change Component Physical Designator: Old Designator=R2E New Designator=R6E
Change Component Physical Designator: Old Designator=R3 New Designator=R5
Change Component Physical Designator: Old Designator=R3E New Designator=R1E
Change Component Physical Designator: Old Designator=R4 New Designator=R6
Change Component Physical Designator: Old Designator=R4E New Designator=R2E
Change Component Physical Designator: Old Designator=R5 New Designator=R7
Change Component Physical Designator: Old Designator=R5E New Designator=R3E
Change Component Physical Designator: Old Designator=R6 New Designator=R1
Change Component Physical Designator: Old Designator=R6E New Designator=R4E
Change Component Physical Designator: Old Designator=R7 New Designator=R2
