Add Net: Net with name "NetD?_K" already exists
Add Net: Net with name "NetQ?_1" already exists
Added Member To Class: ClassName=2-Power Member=Component C? 22uF
Added Member To Class: ClassName=2-Power Member=Component C? 1uF
Added Member To Class: ClassName=2-Power Member=Component C? 100nF
Added Member To Class: ClassName=2-Power Member=Component C? 470pF
Added Member To Class: ClassName=2-Power Member=Component C? 10uF
Added Member To Class: ClassName=2-Power Member=Component D? 1N5819HW-7-F
Added Member To Class: ClassName=2-Power Member=Component D? 1N5819HW-7-F
Added Member To Class: ClassName=2-Power Member=Component D? GREEN
Added Member To Class: ClassName=2-Power Member=Component F? 3413.0213.22
Added Member To Class: ClassName=2-Power Member=Component J? B2B-XH-A(LF)(SN)
Added Member To Class: ClassName=2-Power Member=Component Q? IRLR2905ZTRPBF
Added Member To Class: ClassName=2-Power Member=Component Q? IRLR2905ZTRPBF
Added Member To Class: ClassName=2-Power Member=Component R? 2K
Added Member To Class: ClassName=2-Power Member=Component R? 1k
Added Member To Class: ClassName=2-Power Member=Component R? 1k
Added Member To Class: ClassName=2-Power Member=Component R? 100R
Added Member To Class: ClassName=2-Power Member=Component R? 1K
Added Member To Class: ClassName=2-Power Member=Component R? 1k
Added Member To Class: ClassName=2-Power Member=Component U? TP4056
Added Member To Class: ClassName=2-Power Member=Component U? SPX3819M5-L-3-3_TR
