Removed Pin From Net: NetName=VBAT+ Pin=B1C-1
Removed Pin From Net: NetName=VBAT- Pin=B1C-2
Removed Member From Class: ClassName=3_Protection Member=B1C
Added Component: Designator=C5A(CAP ALSMD 6.6MM H7.7MM)
Add component (AddParameter): Name = "Applications"; Value = "General Purpose"; VariantName = "[No Variations]"
Add component (AddParameter): Name = "Capacitance"; Value = "100µF"; VariantName = "[No Variations]"
Add component (AddParameter): Name = "componentlink1description"; Value = "Datasheet"; VariantName = "[No Variations]"
Add component (AddParameter): Name = "componentlink1url"; Value = "http://nichicon-us.com/english/products/pdfs/e-ucz.pdf"; VariantName = "[No Variations]"
Add component (AddParameter): Name = "componentlink2description"; Value = "DigiKey Link"; VariantName = "[No Variations]"
Add component (AddParameter): Name = "componentlink2url"; Value = "http://digikey.com/product-detail/en/nichicon/UCZ1E101MCL6GS/493-7024-1-ND/3758445"; VariantName = "[No Variations]"
Add component (AddParameter): Name = "Device Package"; Value = "Radial, Can - SMD"; VariantName = "[No Variations]"
Add component (AddParameter): Name = "ESR (Equivalent Series Resistance)"; Value = "450mOhm"; VariantName = "[No Variations]"
Add component (AddParameter): Name = "Height - Seated (Max)"; Value = "0.276" (7.00mm)"; VariantName = "[No Variations]"
Add component (AddParameter): Name = "lastupdated"; Value = "02-09-2020 01:18:43 AM"; VariantName = "[No Variations]"
Add component (AddParameter): Name = "Lifecycle Status"; Value = "Active"; VariantName = "[No Variations]"
Add component (AddParameter): Name = "Lifetime @ Temp."; Value = "2000 Hrs @ 125°C"; VariantName = "[No Variations]"
Add component (AddParameter): Name = "manufacturer"; Value = "Nichicon"; VariantName = "[No Variations]"
Add component (AddParameter): Name = "Minimum Order"; Value = "1"; VariantName = "[No Variations]"
Add component (AddParameter): Name = "Mounting Type"; Value = "Surface Mount"; VariantName = "[No Variations]"
Add component (AddParameter): Name = "Operating Temperature"; Value = "-40°C ~ 125°C"; VariantName = "[No Variations]"
Add component (AddParameter): Name = "Package / Case"; Value = "Radial, Can - SMD"; VariantName = "[No Variations]"
Add component (AddParameter): Name = "packaging"; Value = "TapeAndReel"; VariantName = "[No Variations]"
Add component (AddParameter): Name = "Part Number"; Value = "UCZ1E101MCL6GS"; VariantName = "[No Variations]"
Add component (AddParameter): Name = "Part Status"; Value = "Active"; VariantName = "[No Variations]"
Add component (AddParameter): Name = "partid"; Value = "9132"; VariantName = "[No Variations]"
Add component (AddParameter): Name = "Polarization"; Value = "Polar"; VariantName = "[No Variations]"
Add component (AddParameter): Name = "price"; Value = "0.29"; VariantName = "[No Variations]"
Add component (AddParameter): Name = "Ripple Current @ High Frequency"; Value = "197mA @ 100kHz"; VariantName = "[No Variations]"
Add component (AddParameter): Name = "Ripple Current @ Low Frequency"; Value = "98.5mA @ 120Hz"; VariantName = "[No Variations]"
Add component (AddParameter): Name = "series"; Value = "UCZ"; VariantName = "[No Variations]"
Add component (AddParameter): Name = "Size / Dimension"; Value = "0.248" Dia (6.30mm)"; VariantName = "[No Variations]"
Add component (AddParameter): Name = "Supplier 1"; Value = "DigiKey"; VariantName = "[No Variations]"
Add component (AddParameter): Name = "Supplier Part Number 1"; Value = "493-7024-1-ND"; VariantName = "[No Variations]"
Add component (AddParameter): Name = "Surface Mount Land Size"; Value = "0.260" L x 0.260" W (6.60mm x 6.60mm)"; VariantName = "[No Variations]"
Add component (AddParameter): Name = "Tolerance"; Value = "±20%"; VariantName = "[No Variations]"
Add component (AddParameter): Name = "value"; Value = "100µF"; VariantName = "[No Variations]"
Add component (AddParameter): Name = "Voltage - Rated"; Value = "25V"; VariantName = "[No Variations]"
Added Component: Designator=J?(MOLEX 0530470210)
Add component (AddParameter): Name = "ComponentLink1Description"; Value = "Datasheet"; VariantName = "[No Variations]"
Add component (AddParameter): Name = "ComponentLink1URL"; Value = "https://www.molex.com/pdm_docs/sd/530470210_sd.pdf"; VariantName = "[No Variations]"
Add component (AddParameter): Name = "ComponentLink2Description"; Value = "DigiKey Link"; VariantName = "[No Variations]"
Add component (AddParameter): Name = "ComponentLink2URL"; Value = "https://www.digikey.com/en/products/detail/molex/0530470210/242853"; VariantName = "[No Variations]"
Add component (AddParameter): Name = "Connector Type"; Value = "Header"; VariantName = "[No Variations]"
Add component (AddParameter): Name = "Contact Finish - Mating"; Value = "Tin"; VariantName = "[No Variations]"
Add component (AddParameter): Name = "Contact Finish - Post"; Value = "Tin"; VariantName = "[No Variations]"
Add component (AddParameter): Name = "Contact Finish Thickness - Mating"; Value = "35.4µin (0.90µm)"; VariantName = "[No Variations]"
Add component (AddParameter): Name = "Contact Length - Mating"; Value = "0.089" (2.25mm)"; VariantName = "[No Variations]"
Add component (AddParameter): Name = "Contact Length - Post"; Value = "0.091" (2.30mm)"; VariantName = "[No Variations]"
Add component (AddParameter): Name = "Contact Material"; Value = "Phosphor Bronze"; VariantName = "[No Variations]"
Add component (AddParameter): Name = "Contact Shape"; Value = "Rectangular"; VariantName = "[No Variations]"
Add component (AddParameter): Name = "Contact Type"; Value = "Male Blade"; VariantName = "[No Variations]"
Add component (AddParameter): Name = "Fastening Type"; Value = "Detent Lock"; VariantName = "[No Variations]"
Add component (AddParameter): Name = "Insulation Color"; Value = "Natural"; VariantName = "[No Variations]"
Add component (AddParameter): Name = "Insulation Height"; Value = "0.165" (4.20mm)"; VariantName = "[No Variations]"
Add component (AddParameter): Name = "Insulation Material"; Value = "Polyamide (PA66), Nylon 6/6"; VariantName = "[No Variations]"
Add component (AddParameter): Name = "LastUpdated"; Value = "11-08-2022 09:52:04 AM"; VariantName = "[No Variations]"
Add component (AddParameter): Name = "Lifecycle Status"; Value = "Active"; VariantName = "[No Variations]"
Add component (AddParameter): Name = "Manufacturer"; Value = "Molex"; VariantName = "[No Variations]"
Add component (AddParameter): Name = "Material Flammability Rating"; Value = "UL94 V-0"; VariantName = "[No Variations]"
Add component (AddParameter): Name = "Minimum Order"; Value = "1"; VariantName = "[No Variations]"
Add component (AddParameter): Name = "Mounting Type"; Value = "Through Hole"; VariantName = "[No Variations]"
Add component (AddParameter): Name = "Number of Positions"; Value = "2"; VariantName = "[No Variations]"
Add component (AddParameter): Name = "Number of Positions Loaded"; Value = "All"; VariantName = "[No Variations]"
Add component (AddParameter): Name = "Number of Rows"; Value = "1"; VariantName = "[No Variations]"
Add component (AddParameter): Name = "Packaging"; Value = "Tray"; VariantName = "[No Variations]"
Add component (AddParameter): Name = "Part Number"; Value = "0530470210"; VariantName = "[No Variations]"
Add component (AddParameter): Name = "Part Status"; Value = "Active"; VariantName = "[No Variations]"
Add component (AddParameter): Name = "PartId"; Value = "148"; VariantName = "[No Variations]"
Add component (AddParameter): Name = "Pitch - Mating"; Value = "0.049" (1.25mm)"; VariantName = "[No Variations]"
Add component (AddParameter): Name = "Price"; Value = "0.08"; VariantName = "[No Variations]"
Add component (AddParameter): Name = "Series"; Value = "PicoBlade 53047"; VariantName = "[No Variations]"
Add component (AddParameter): Name = "Shrouding"; Value = "Shrouded - 4 Wall"; VariantName = "[No Variations]"
Add component (AddParameter): Name = "Style"; Value = "Board to Cable/Wire"; VariantName = "[No Variations]"
Add component (AddParameter): Name = "Supplier 1"; Value = "DigiKey"; VariantName = "[No Variations]"
Add component (AddParameter): Name = "Supplier Part Number 1"; Value = "WM1731-ND"; VariantName = "[No Variations]"
Add component (AddParameter): Name = "Termination"; Value = "Solder"; VariantName = "[No Variations]"
Added Pin To Net: NetName=LED-Out Pin=C5A-1
Added Pin To Net: NetName=GND Pin=C5A-2
Added Pin To Net: NetName=VBAT+ Pin=J?-1
Added Pin To Net: NetName=VBAT- Pin=J?-2
Added Member To Class: ClassName=1_Power Member=Component C5A 100µF
Added Member To Class: ClassName=3_Protection Member=Component J? 0530470210
