Removed Pin From Net: NetName=GND Pin=C1F-1
Removed Pin From Net: NetName=VBAT+5V Pin=C1F-2
Change Component Footprint: Designator=C1F Old Footprint=C-0603 New Footprint=CAP AL TH D8 L3.5 H12.5
Change Component Comment : Designator=C1F Old Comment=22uF New Comment=1000 µF/10V
Change component parameters: Designator = "C1F" ("C1F"); Footprint = "C-0603"; UniqueID = "\KIGHMUNM" ("\KIGHMUNM")
Change component parameters (AddParameter): Name = "Applications"; Value = "General Purpose"; VariantName = "[No Variations]"
Change component parameters (AddParameter): Name = "Capacitance"; Value = "1000 µF"; VariantName = "[No Variations]"
Change component parameters (AddParameter): Name = "componentlink1description"; Value = "Datasheet"; VariantName = "[No Variations]"
Change component parameters (AddParameter): Name = "componentlink1url"; Value = "https://industrial.panasonic.com/cdbs/www-data/pdf/RDF0000/ABA0000C75.pdf"; VariantName = "[No Variations]"
Change component parameters (AddParameter): Name = "componentlink2description"; Value = "DigiKey Link"; VariantName = "[No Variations]"
Change component parameters (AddParameter): Name = "componentlink2url"; Value = "https://www.digikey.com/en/products/detail/panasonic-electronic-components/ECA-0JHG102/245108"; VariantName = "[No Variations]"
Change component parameters (AddParameter): Name = "Device Package"; Value = "Radial, Can"; VariantName = "[No Variations]"
Change component parameters (AddParameter): Name = "Height - Seated (Max)"; Value = "0.492" (12.50mm)"; VariantName = "[No Variations]"
Change component parameters (AddParameter): Name = "lastupdated"; Value = "27-12-2022 10:20:14 PM"; VariantName = "[No Variations]"
Change component parameters (AddParameter): Name = "Lead Spacing"; Value = "0.138" (3.50mm)"; VariantName = "[No Variations]"
Change component parameters (AddParameter): Name = "Lifecycle Status"; Value = "Active"; VariantName = "[No Variations]"
Change component parameters (AddParameter): Name = "Lifetime @ Temp."; Value = "1000 Hrs @ 105°C"; VariantName = "[No Variations]"
Change component parameters (AddParameter): Name = "manufacturer"; Value = "Panasonic Electronic Components"; VariantName = "[No Variations]"
Change component parameters (AddParameter): Name = "Minimum Order"; Value = "1"; VariantName = "[No Variations]"
Change component parameters (AddParameter): Name = "Mounting Type"; Value = "Through Hole"; VariantName = "[No Variations]"
Change component parameters (AddParameter): Name = "Operating Temperature"; Value = "-55°C ~ 105°C"; VariantName = "[No Variations]"
Change component parameters (AddParameter): Name = "Package / Case"; Value = "Radial, Can"; VariantName = "[No Variations]"
Change component parameters (AddParameter): Name = "packaging"; Value = "Bulk"; VariantName = "[No Variations]"
Change component parameters (AddParameter): Name = "Part Number"; Value = "ECA-0JHG102"; VariantName = "[No Variations]"
Change component parameters (AddParameter): Name = "Part Status"; Value = "Active"; VariantName = "[No Variations]"
Change component parameters (AddParameter): Name = "partid"; Value = "7190"; VariantName = "[No Variations]"
Change component parameters (AddParameter): Name = "Polarization"; Value = "Polar"; VariantName = "[No Variations]"
Change component parameters (AddParameter): Name = "price"; Value = "0.15"; VariantName = "[No Variations]"
Change component parameters (AddParameter): Name = "Ripple Current @ High Frequency"; Value = "437 mA @ 100 kHz"; VariantName = "[No Variations]"
Change component parameters (AddParameter): Name = "Ripple Current @ Low Frequency"; Value = "380 mA @ 120 Hz"; VariantName = "[No Variations]"
Change component parameters (AddParameter): Name = "series"; Value = "NHG-A"; VariantName = "[No Variations]"
Change component parameters (AddParameter): Name = "Size / Dimension"; Value = "0.315" Dia (8.00mm)"; VariantName = "[No Variations]"
Change component parameters (AddParameter): Name = "Supplier 1"; Value = "DigiKey"; VariantName = "[No Variations]"
Change component parameters (AddParameter): Name = "Supplier Part Number 1"; Value = "P5509-ND"; VariantName = "[No Variations]"
Change component parameters (AddParameter): Name = "Tolerance"; Value = "±20%"; VariantName = "[No Variations]"
Change component parameters (AddParameter): Name = "value"; Value = "1000 µF/10V"; VariantName = "[No Variations]"
Change component parameters (AddParameter): Name = "Voltage - Rated"; Value = "6.3 V"; VariantName = "[No Variations]"
Added Component: Designator=R14F(R-0603)
Add component (AddParameter): Name = "Availability"; Value = "Warning"; VariantName = "[No Variations]"
Add component (AddParameter): Name = "Check_prices"; Value = "https://www.snapeda.com/parts/2-1623703-0/TE%20Connectivity/view-part/2213192/?ref=eda"; VariantName = "[No Variations]"
Add component (AddParameter): Name = "MF"; Value = "TE Connectivity"; VariantName = "[No Variations]"
Add component (AddParameter): Name = "MP"; Value = "2-1623703-0"; VariantName = "[No Variations]"
Add component (AddParameter): Name = "Package"; Value = "0603"; VariantName = "[No Variations]"
Add component (AddParameter): Name = "Power_Rating"; Value = ".1 W"; VariantName = "[No Variations]"
Add component (AddParameter): Name = "Price"; Value = "None"; VariantName = "[No Variations]"
Add component (AddParameter): Name = "Resistance"; Value = "10K"; VariantName = "[No Variations]"
Add component (AddParameter): Name = "SnapEDA_Link"; Value = "https://www.snapeda.com/parts/2-1623703-0/TE%20Connectivity/view-part/2213192/?ref=snap"; VariantName = "[No Variations]"
Add component (AddParameter): Name = "Tolerance"; Value = "1%"; VariantName = "[No Variations]"
Add component (AddParameter): Name = "Value"; Value = "10K"; VariantName = "[No Variations]"
Added Pin To Net: NetName=VBAT+5V Pin=C1F-1
Added Pin To Net: NetName=GND Pin=C1F-2
Added Pin To Net: NetName=VBAT+5V Pin=R14F-1
Added Pin To Net: NetName=GND Pin=R14F-2
Added Member To Class: ClassName=6_BATT+5V Member=Component R14F 5k
